{
"contracts/AuctionStorage.sol":{"l":{"17":3,"21":12,"24":6,"29":0,"30":0,"31":0,"35":0,"36":0,"37":0,"38":0,"39":0,"43":0,"44":0,"45":0,"49":1,"50":1,"51":3,"52":3,"53":3,"55":1,"58":0,"62":6},"path":"/Users/sergeyvagapov/Solidity/VCG-auction/contracts/AuctionStorage.sol","s":{"1":3,"2":12,"3":6,"4":0,"5":0,"6":0,"7":0,"8":0,"9":0,"10":0,"11":0,"12":0,"13":0,"14":0,"15":1,"16":1,"17":3,"18":3,"19":3,"20":1,"21":0,"22":0},"b":{"1":[0,0],"2":[0,0],"3":[0,0],"4":[0,0],"5":[0,0],"6":[6,0]},"f":{"1":3,"2":12,"3":6,"4":0,"5":0,"6":0,"7":1,"8":0},"fnMap":{"1":{"name":"getAmountOfAsset","line":16,"loc":{"start":{"line":16,"column":4},"end":{"line":18,"column":4}}},"2":{"name":"balanceOf","line":20,"loc":{"start":{"line":20,"column":4},"end":{"line":22,"column":4}}},"3":{"name":"deposit","line":23,"loc":{"start":{"line":23,"column":4},"end":{"line":26,"column":4}}},"4":{"name":"withdraw","line":28,"loc":{"start":{"line":28,"column":4},"end":{"line":32,"column":4}}},"5":{"name":"takeProfit","line":34,"loc":{"start":{"line":34,"column":4},"end":{"line":40,"column":4}}},"6":{"name":"_transferAssets","line":42,"loc":{"start":{"line":42,"column":4},"end":{"line":46,"column":4}}},"7":{"name":"_makeExchange","line":48,"loc":{"start":{"line":48,"column":4},"end":{"line":56,"column":4}}},"8":{"name":null,"line":57,"loc":{"start":{"line":57,"column":4},"end":{"line":59,"column":4}}}},"statementMap":{"1":{"start":{"line":17,"column":8},"end":{"line":17,"column":56}},"2":{"start":{"line":21,"column":8},"end":{"line":21,"column":33}},"3":{"start":{"line":24,"column":8},"end":{"line":24,"column":42}},"4":{"start":{"line":29,"column":8},"end":{"line":29,"column":40}},"5":{"start":{"line":30,"column":8},"end":{"line":30,"column":75}},"6":{"start":{"line":31,"column":8},"end":{"line":31,"column":36}},"7":{"start":{"line":35,"column":8},"end":{"line":35,"column":48}},"8":{"start":{"line":36,"column":8},"end":{"line":36,"column":48}},"9":{"start":{"line":37,"column":8},"end":{"line":37,"column":69}},"10":{"start":{"line":38,"column":8},"end":{"line":38,"column":28}},"11":{"start":{"line":39,"column":8},"end":{"line":39,"column":38}},"12":{"start":{"line":43,"column":8},"end":{"line":43,"column":83}},"13":{"start":{"line":44,"column":8},"end":{"line":44,"column":53}},"14":{"start":{"line":45,"column":8},"end":{"line":45,"column":89}},"15":{"start":{"line":49,"column":8},"end":{"line":49,"column":22}},"16":{"start":{"line":50,"column":8},"end":{"line":50,"column":2127}},"17":{"start":{"line":51,"column":12},"end":{"line":51,"column":31}},"18":{"start":{"line":52,"column":12},"end":{"line":52,"column":46}},"19":{"start":{"line":53,"column":12},"end":{"line":53,"column":61}},"20":{"start":{"line":55,"column":8},"end":{"line":55,"column":34}},"21":{"start":{"line":58,"column":8},"end":{"line":58,"column":61}},"22":{"start":{"line":58,"column":26},"end":{"line":58,"column":60}}},"branchMap":{"1":{"line":31,"type":"if","locations":[{"start":{"line":31,"column":8},"end":{"line":31,"column":8}},{"start":{"line":31,"column":8},"end":{"line":31,"column":8}}]},"2":{"line":36,"type":"if","locations":[{"start":{"line":36,"column":8},"end":{"line":36,"column":8}},{"start":{"line":36,"column":8},"end":{"line":36,"column":8}}]},"3":{"line":39,"type":"if","locations":[{"start":{"line":39,"column":8},"end":{"line":39,"column":8}},{"start":{"line":39,"column":8},"end":{"line":39,"column":8}}]},"4":{"line":43,"type":"if","locations":[{"start":{"line":43,"column":8},"end":{"line":43,"column":8}},{"start":{"line":43,"column":8},"end":{"line":43,"column":8}}]},"5":{"line":58,"type":"if","locations":[{"start":{"line":58,"column":8},"end":{"line":58,"column":8}},{"start":{"line":58,"column":8},"end":{"line":58,"column":8}}]},"6":{"line":62,"type":"if","locations":[{"start":{"line":62,"column":8},"end":{"line":62,"column":8}},{"start":{"line":62,"column":8},"end":{"line":62,"column":8}}]}}},
"contracts/MockERC1155.sol":{"l":{"8":99},"path":"/Users/sergeyvagapov/Solidity/VCG-auction/contracts/MockERC1155.sol","s":{"1":99},"b":{},"f":{"1":99},"fnMap":{"1":{"name":"constructor","line":7,"loc":{"start":{"line":7,"column":4},"end":{"line":10,"column":4}}}},"statementMap":{"1":{"start":{"line":8,"column":8},"end":{"line":8,"column":49}}},"branchMap":{}},
"contracts/VCG.sol":{"l":{"52":8,"53":7,"54":6,"55":6,"56":6,"57":5,"58":5,"59":5,"60":5,"61":5,"62":5,"63":5,"64":5,"68":1,"72":2,"76":2,"80":1,"84":1,"88":8,"92":1,"96":6,"97":5,"98":5,"99":4,"100":4,"104":0,"105":0,"106":0,"112":1,"113":1,"114":1,"115":1,"116":1,"117":1},"path":"/Users/sergeyvagapov/Solidity/VCG-auction/contracts/VCG.sol","s":{"1":8,"2":7,"3":6,"4":6,"5":6,"6":5,"7":5,"8":5,"9":5,"10":5,"11":5,"12":5,"13":5,"14":1,"15":2,"16":2,"17":1,"18":1,"19":8,"20":1,"21":6,"22":5,"23":5,"24":4,"25":4,"26":0,"27":0,"28":0,"29":1,"30":1,"31":1,"32":1,"33":1,"34":1},"b":{"1":[7,1],"2":[6,1],"3":[5,1],"4":[5,0],"5":[4,1],"6":[0,0],"7":[0,0],"8":[1,0],"9":[1,0],"10":[1,0]},"f":{"1":8,"2":1,"3":2,"4":2,"5":1,"6":1,"7":8,"8":1,"9":6,"10":0,"11":1},"fnMap":{"1":{"name":"initializeAuction","line":51,"loc":{"start":{"line":47,"column":4},"end":{"line":65,"column":4}}},"2":{"name":"getStartAuction","line":67,"loc":{"start":{"line":67,"column":4},"end":{"line":69,"column":4}}},"3":{"name":"getTokenToSale","line":71,"loc":{"start":{"line":71,"column":4},"end":{"line":73,"column":4}}},"4":{"name":"getTokenIdToSale","line":75,"loc":{"start":{"line":75,"column":4},"end":{"line":77,"column":4}}},"5":{"name":"getAmountToSale","line":79,"loc":{"start":{"line":79,"column":4},"end":{"line":81,"column":4}}},"6":{"name":"getAuctions","line":83,"loc":{"start":{"line":83,"column":4},"end":{"line":85,"column":4}}},"7":{"name":"isActive","line":87,"loc":{"start":{"line":87,"column":4},"end":{"line":89,"column":4}}},"8":{"name":"getBidHash","line":91,"loc":{"start":{"line":91,"column":4},"end":{"line":93,"column":4}}},"9":{"name":"createBid","line":95,"loc":{"start":{"line":95,"column":4},"end":{"line":101,"column":4}}},"10":{"name":"claim","line":103,"loc":{"start":{"line":103,"column":4},"end":{"line":107,"column":4}}},"11":{"name":"finishAuction","line":111,"loc":{"start":{"line":111,"column":4},"end":{"line":118,"column":4}}}},"statementMap":{"1":{"start":{"line":52,"column":8},"end":{"line":52,"column":56}},"2":{"start":{"line":53,"column":8},"end":{"line":53,"column":48}},"3":{"start":{"line":54,"column":8},"end":{"line":54,"column":37}},"4":{"start":{"line":55,"column":8},"end":{"line":55,"column":54}},"5":{"start":{"line":56,"column":8},"end":{"line":56,"column":110}},"6":{"start":{"line":57,"column":8},"end":{"line":57,"column":48}},"7":{"start":{"line":58,"column":8},"end":{"line":58,"column":48}},"8":{"start":{"line":59,"column":8},"end":{"line":59,"column":46}},"9":{"start":{"line":60,"column":8},"end":{"line":60,"column":39}},"10":{"start":{"line":61,"column":8},"end":{"line":61,"column":28}},"11":{"start":{"line":62,"column":8},"end":{"line":62,"column":31}},"12":{"start":{"line":63,"column":8},"end":{"line":63,"column":32}},"13":{"start":{"line":64,"column":8},"end":{"line":64,"column":104}},"14":{"start":{"line":68,"column":8},"end":{"line":68,"column":48}},"15":{"start":{"line":72,"column":8},"end":{"line":72,"column":56}},"16":{"start":{"line":76,"column":8},"end":{"line":76,"column":49}},"17":{"start":{"line":80,"column":8},"end":{"line":80,"column":48}},"18":{"start":{"line":84,"column":8},"end":{"line":84,"column":23}},"19":{"start":{"line":88,"column":8},"end":{"line":88,"column":42}},"20":{"start":{"line":92,"column":8},"end":{"line":92,"column":38}},"21":{"start":{"line":96,"column":8},"end":{"line":96,"column":63}},"22":{"start":{"line":97,"column":8},"end":{"line":97,"column":53}},"23":{"start":{"line":98,"column":8},"end":{"line":98,"column":67}},"24":{"start":{"line":99,"column":8},"end":{"line":99,"column":45}},"25":{"start":{"line":100,"column":8},"end":{"line":100,"column":52}},"26":{"start":{"line":104,"column":8},"end":{"line":104,"column":63}},"27":{"start":{"line":105,"column":8},"end":{"line":105,"column":55}},"28":{"start":{"line":106,"column":8},"end":{"line":106,"column":63}},"29":{"start":{"line":112,"column":8},"end":{"line":112,"column":63}},"30":{"start":{"line":113,"column":8},"end":{"line":113,"column":59}},"31":{"start":{"line":114,"column":8},"end":{"line":114,"column":104}},"32":{"start":{"line":115,"column":8},"end":{"line":115,"column":128}},"33":{"start":{"line":116,"column":8},"end":{"line":116,"column":42}},"34":{"start":{"line":117,"column":8},"end":{"line":117,"column":85}}},"branchMap":{"1":{"line":52,"type":"if","locations":[{"start":{"line":52,"column":8},"end":{"line":52,"column":8}},{"start":{"line":52,"column":8},"end":{"line":52,"column":8}}]},"2":{"line":53,"type":"if","locations":[{"start":{"line":53,"column":8},"end":{"line":53,"column":8}},{"start":{"line":53,"column":8},"end":{"line":53,"column":8}}]},"3":{"line":96,"type":"if","locations":[{"start":{"line":96,"column":8},"end":{"line":96,"column":8}},{"start":{"line":96,"column":8},"end":{"line":96,"column":8}}]},"4":{"line":97,"type":"if","locations":[{"start":{"line":97,"column":8},"end":{"line":97,"column":8}},{"start":{"line":97,"column":8},"end":{"line":97,"column":8}}]},"5":{"line":98,"type":"if","locations":[{"start":{"line":98,"column":8},"end":{"line":98,"column":8}},{"start":{"line":98,"column":8},"end":{"line":98,"column":8}}]},"6":{"line":104,"type":"if","locations":[{"start":{"line":104,"column":8},"end":{"line":104,"column":8}},{"start":{"line":104,"column":8},"end":{"line":104,"column":8}}]},"7":{"line":105,"type":"if","locations":[{"start":{"line":105,"column":8},"end":{"line":105,"column":8}},{"start":{"line":105,"column":8},"end":{"line":105,"column":8}}]},"8":{"line":112,"type":"if","locations":[{"start":{"line":112,"column":8},"end":{"line":112,"column":8}},{"start":{"line":112,"column":8},"end":{"line":112,"column":8}}]},"9":{"line":113,"type":"if","locations":[{"start":{"line":113,"column":8},"end":{"line":113,"column":8}},{"start":{"line":113,"column":8},"end":{"line":113,"column":8}}]},"10":{"line":114,"type":"if","locations":[{"start":{"line":114,"column":8},"end":{"line":114,"column":8}},{"start":{"line":114,"column":8},"end":{"line":114,"column":8}}]}}}}
