{
"contracts/AuctionStorage.sol":{"l":{"19":64,"23":5,"24":5,"28":4,"29":4,"30":4,"31":3,"32":3,"36":3,"37":3,"38":2,"39":2,"40":2,"44":5,"45":4,"46":4,"50":11,"51":11,"52":31,"53":31,"54":31,"56":11},"path":"/Users/sergeyvagapov/Solidity/vickrey-auction/contracts/AuctionStorage.sol","s":{"1":64,"2":5,"3":5,"4":4,"5":4,"6":4,"7":3,"8":3,"9":3,"10":3,"11":2,"12":2,"13":2,"14":5,"15":4,"16":4,"17":11,"18":11,"19":31,"20":31,"21":31,"22":11},"b":{"1":[3,1],"2":[2,1],"3":[2,0],"4":[4,1]},"f":{"1":64,"2":5,"3":4,"4":3,"5":5,"6":11},"fnMap":{"1":{"name":"_setBidDeposit","line":18,"loc":{"start":{"line":18,"column":4},"end":{"line":20,"column":4}}},"2":{"name":"_transferETH","line":22,"loc":{"start":{"line":22,"column":4},"end":{"line":25,"column":4}}},"3":{"name":"_returnDeposit","line":27,"loc":{"start":{"line":27,"column":4},"end":{"line":33,"column":4}}},"4":{"name":"takeProfit","line":35,"loc":{"start":{"line":35,"column":4},"end":{"line":41,"column":4}}},"5":{"name":"_transferAssets","line":43,"loc":{"start":{"line":43,"column":4},"end":{"line":47,"column":4}}},"6":{"name":"_makeExchange","line":49,"loc":{"start":{"line":49,"column":4},"end":{"line":57,"column":4}}}},"statementMap":{"1":{"start":{"line":19,"column":8},"end":{"line":19,"column":42}},"2":{"start":{"line":23,"column":8},"end":{"line":23,"column":72}},"3":{"start":{"line":24,"column":8},"end":{"line":24,"column":22}},"4":{"start":{"line":28,"column":8},"end":{"line":28,"column":37}},"5":{"start":{"line":29,"column":8},"end":{"line":29,"column":54}},"6":{"start":{"line":30,"column":8},"end":{"line":30,"column":43}},"7":{"start":{"line":31,"column":8},"end":{"line":31,"column":39}},"8":{"start":{"line":32,"column":8},"end":{"line":32,"column":45}},"9":{"start":{"line":36,"column":8},"end":{"line":36,"column":32}},"10":{"start":{"line":37,"column":8},"end":{"line":37,"column":43}},"11":{"start":{"line":38,"column":8},"end":{"line":38,"column":67}},"12":{"start":{"line":39,"column":8},"end":{"line":39,"column":17}},"13":{"start":{"line":40,"column":8},"end":{"line":40,"column":38}},"14":{"start":{"line":44,"column":8},"end":{"line":44,"column":83}},"15":{"start":{"line":45,"column":8},"end":{"line":45,"column":53}},"16":{"start":{"line":46,"column":8},"end":{"line":46,"column":89}},"17":{"start":{"line":50,"column":8},"end":{"line":50,"column":22}},"18":{"start":{"line":51,"column":8},"end":{"line":51,"column":2286}},"19":{"start":{"line":52,"column":12},"end":{"line":52,"column":31}},"20":{"start":{"line":53,"column":12},"end":{"line":53,"column":58}},"21":{"start":{"line":54,"column":12},"end":{"line":54,"column":62}},"22":{"start":{"line":56,"column":8},"end":{"line":56,"column":23}}},"branchMap":{"1":{"line":30,"type":"if","locations":[{"start":{"line":30,"column":8},"end":{"line":30,"column":8}},{"start":{"line":30,"column":8},"end":{"line":30,"column":8}}]},"2":{"line":37,"type":"if","locations":[{"start":{"line":37,"column":8},"end":{"line":37,"column":8}},{"start":{"line":37,"column":8},"end":{"line":37,"column":8}}]},"3":{"line":40,"type":"if","locations":[{"start":{"line":40,"column":8},"end":{"line":40,"column":8}},{"start":{"line":40,"column":8},"end":{"line":40,"column":8}}]},"4":{"line":44,"type":"if","locations":[{"start":{"line":44,"column":8},"end":{"line":44,"column":8}},{"start":{"line":44,"column":8},"end":{"line":44,"column":8}}]}}},
"contracts/MockERC1155.sol":{"l":{"8":234},"path":"/Users/sergeyvagapov/Solidity/vickrey-auction/contracts/MockERC1155.sol","s":{"1":234},"b":{},"f":{"1":234},"fnMap":{"1":{"name":"constructor","line":7,"loc":{"start":{"line":7,"column":4},"end":{"line":10,"column":4}}}},"statementMap":{"1":{"start":{"line":8,"column":8},"end":{"line":8,"column":49}}},"branchMap":{}},
"contracts/VCG.sol":{"l":{"52":31,"53":30,"54":29,"55":29,"56":29,"57":28,"58":28,"59":28,"60":28,"61":28,"62":28,"63":28,"64":28,"65":28,"69":69,"70":68,"71":67,"72":67,"73":67,"74":67,"75":66,"76":65,"77":64,"78":64,"79":64,"83":7,"84":6,"85":5,"89":6,"90":5,"91":4,"97":14,"98":13,"99":12,"100":11,"101":11,"102":11},"path":"/Users/sergeyvagapov/Solidity/vickrey-auction/contracts/VCG.sol","s":{"1":31,"2":30,"3":29,"4":29,"5":29,"6":28,"7":28,"8":28,"9":28,"10":28,"11":28,"12":28,"13":28,"14":69,"15":68,"16":67,"17":67,"18":67,"19":67,"20":66,"21":65,"22":64,"23":64,"24":64,"25":7,"26":6,"27":5,"28":6,"29":5,"30":4,"31":14,"32":13,"33":12,"34":11,"35":11,"36":11},"b":{"1":[30,1],"2":[29,1],"3":[68,1],"4":[67,1],"5":[67,0],"6":[66,1],"7":[65,1],"8":[64,1],"9":[6,1],"10":[5,1],"11":[5,1],"12":[4,1],"13":[13,1],"14":[12,1],"15":[11,1]},"f":{"1":31,"2":69,"3":7,"4":6,"5":14},"fnMap":{"1":{"name":"initializeAuction","line":51,"loc":{"start":{"line":47,"column":4},"end":{"line":66,"column":4}}},"2":{"name":"createBid","line":68,"loc":{"start":{"line":68,"column":4},"end":{"line":80,"column":4}}},"3":{"name":"claim","line":82,"loc":{"start":{"line":82,"column":4},"end":{"line":86,"column":4}}},"4":{"name":"returnDeposit","line":88,"loc":{"start":{"line":88,"column":4},"end":{"line":92,"column":4}}},"5":{"name":"finishAuction","line":96,"loc":{"start":{"line":96,"column":4},"end":{"line":103,"column":4}}}},"statementMap":{"1":{"start":{"line":52,"column":8},"end":{"line":52,"column":56}},"2":{"start":{"line":53,"column":8},"end":{"line":53,"column":48}},"3":{"start":{"line":54,"column":8},"end":{"line":54,"column":37}},"4":{"start":{"line":55,"column":8},"end":{"line":55,"column":44}},"5":{"start":{"line":56,"column":8},"end":{"line":56,"column":110}},"6":{"start":{"line":57,"column":8},"end":{"line":57,"column":48}},"7":{"start":{"line":58,"column":8},"end":{"line":58,"column":48}},"8":{"start":{"line":59,"column":8},"end":{"line":59,"column":46}},"9":{"start":{"line":61,"column":8},"end":{"line":61,"column":38}},"10":{"start":{"line":62,"column":8},"end":{"line":62,"column":28}},"11":{"start":{"line":63,"column":8},"end":{"line":63,"column":31}},"12":{"start":{"line":64,"column":8},"end":{"line":64,"column":35}},"13":{"start":{"line":65,"column":8},"end":{"line":65,"column":104}},"14":{"start":{"line":69,"column":8},"end":{"line":69,"column":58}},"15":{"start":{"line":70,"column":8},"end":{"line":70,"column":59}},"16":{"start":{"line":71,"column":8},"end":{"line":71,"column":33}},"17":{"start":{"line":72,"column":8},"end":{"line":72,"column":37}},"18":{"start":{"line":73,"column":8},"end":{"line":73,"column":46}},"19":{"start":{"line":74,"column":8},"end":{"line":74,"column":76}},"20":{"start":{"line":75,"column":8},"end":{"line":75,"column":59}},"21":{"start":{"line":76,"column":8},"end":{"line":76,"column":47}},"22":{"start":{"line":77,"column":8},"end":{"line":77,"column":43}},"23":{"start":{"line":78,"column":8},"end":{"line":78,"column":48}},"24":{"start":{"line":79,"column":8},"end":{"line":79,"column":53}},"25":{"start":{"line":83,"column":8},"end":{"line":83,"column":58}},"26":{"start":{"line":84,"column":8},"end":{"line":84,"column":60}},"27":{"start":{"line":85,"column":8},"end":{"line":85,"column":63}},"28":{"start":{"line":89,"column":8},"end":{"line":89,"column":58}},"29":{"start":{"line":90,"column":8},"end":{"line":90,"column":60}},"30":{"start":{"line":91,"column":8},"end":{"line":91,"column":33}},"31":{"start":{"line":97,"column":8},"end":{"line":97,"column":58}},"32":{"start":{"line":98,"column":8},"end":{"line":98,"column":64}},"33":{"start":{"line":99,"column":8},"end":{"line":99,"column":104}},"34":{"start":{"line":100,"column":8},"end":{"line":100,"column":131}},"35":{"start":{"line":101,"column":8},"end":{"line":101,"column":42}},"36":{"start":{"line":102,"column":8},"end":{"line":102,"column":102}}},"branchMap":{"1":{"line":52,"type":"if","locations":[{"start":{"line":52,"column":8},"end":{"line":52,"column":8}},{"start":{"line":52,"column":8},"end":{"line":52,"column":8}}]},"2":{"line":53,"type":"if","locations":[{"start":{"line":53,"column":8},"end":{"line":53,"column":8}},{"start":{"line":53,"column":8},"end":{"line":53,"column":8}}]},"3":{"line":69,"type":"if","locations":[{"start":{"line":69,"column":8},"end":{"line":69,"column":8}},{"start":{"line":69,"column":8},"end":{"line":69,"column":8}}]},"4":{"line":70,"type":"if","locations":[{"start":{"line":70,"column":8},"end":{"line":70,"column":8}},{"start":{"line":70,"column":8},"end":{"line":70,"column":8}}]},"5":{"line":73,"type":"if","locations":[{"start":{"line":73,"column":8},"end":{"line":73,"column":8}},{"start":{"line":73,"column":8},"end":{"line":73,"column":8}}]},"6":{"line":74,"type":"if","locations":[{"start":{"line":74,"column":8},"end":{"line":74,"column":8}},{"start":{"line":74,"column":8},"end":{"line":74,"column":8}}]},"7":{"line":75,"type":"if","locations":[{"start":{"line":75,"column":8},"end":{"line":75,"column":8}},{"start":{"line":75,"column":8},"end":{"line":75,"column":8}}]},"8":{"line":76,"type":"if","locations":[{"start":{"line":76,"column":8},"end":{"line":76,"column":8}},{"start":{"line":76,"column":8},"end":{"line":76,"column":8}}]},"9":{"line":83,"type":"if","locations":[{"start":{"line":83,"column":8},"end":{"line":83,"column":8}},{"start":{"line":83,"column":8},"end":{"line":83,"column":8}}]},"10":{"line":84,"type":"if","locations":[{"start":{"line":84,"column":8},"end":{"line":84,"column":8}},{"start":{"line":84,"column":8},"end":{"line":84,"column":8}}]},"11":{"line":89,"type":"if","locations":[{"start":{"line":89,"column":8},"end":{"line":89,"column":8}},{"start":{"line":89,"column":8},"end":{"line":89,"column":8}}]},"12":{"line":90,"type":"if","locations":[{"start":{"line":90,"column":8},"end":{"line":90,"column":8}},{"start":{"line":90,"column":8},"end":{"line":90,"column":8}}]},"13":{"line":97,"type":"if","locations":[{"start":{"line":97,"column":8},"end":{"line":97,"column":8}},{"start":{"line":97,"column":8},"end":{"line":97,"column":8}}]},"14":{"line":98,"type":"if","locations":[{"start":{"line":98,"column":8},"end":{"line":98,"column":8}},{"start":{"line":98,"column":8},"end":{"line":98,"column":8}}]},"15":{"line":99,"type":"if","locations":[{"start":{"line":99,"column":8},"end":{"line":99,"column":8}},{"start":{"line":99,"column":8},"end":{"line":99,"column":8}}]}}}}
