TN:
SF:/Users/sergeyvagapov/Solidity/vickrey-auction/contracts/AuctionStorage.sol
FN:18,_setBidDeposit
FN:26,_transferETH
FN:34,_returnDeposit
FN:42,takeProfit
FN:50,_transferAssets
FN:70,_makeExchange
FNF:6
FNH:6
FNDA:64,_setBidDeposit
FNDA:5,_transferETH
FNDA:4,_returnDeposit
FNDA:3,takeProfit
FNDA:5,_transferAssets
FNDA:11,_makeExchange
DA:23,64
DA:30,5
DA:31,5
DA:35,4
DA:36,4
DA:37,4
DA:38,3
DA:39,3
DA:43,3
DA:44,3
DA:45,2
DA:46,2
DA:47,2
DA:56,5
DA:60,4
DA:61,4
DA:78,11
DA:79,11
DA:80,31
DA:81,31
DA:82,31
DA:84,11
LF:22
LH:22
BRDA:37,1,0,3
BRDA:37,1,1,1
BRDA:44,2,0,2
BRDA:44,2,1,1
BRDA:47,3,0,2
BRDA:47,3,1,0
BRDA:56,4,0,4
BRDA:56,4,1,1
BRF:8
BRH:7
end_of_record
TN:
SF:/Users/sergeyvagapov/Solidity/vickrey-auction/contracts/MockERC1155.sol
FN:7,constructor
FNF:1
FNH:1
FNDA:234,constructor
DA:8,234
LF:1
LH:1
BRF:0
BRH:0
end_of_record
TN:
SF:/Users/sergeyvagapov/Solidity/vickrey-auction/contracts/VCG.sol
FN:49,initializeAuction
FN:78,createBid
FN:95,claim
FN:107,returnDeposit
FN:120,finishAuction
FNF:5
FNH:5
FNDA:31,initializeAuction
FNDA:69,createBid
FNDA:7,claim
FNDA:6,returnDeposit
FNDA:14,finishAuction
DA:50,31
DA:51,30
DA:52,29
DA:53,29
DA:54,29
DA:61,28
DA:62,28
DA:63,28
DA:64,28
DA:65,28
DA:66,28
DA:67,28
DA:68,28
DA:69,28
DA:82,69
DA:83,68
DA:84,67
DA:85,67
DA:86,67
DA:87,67
DA:88,66
DA:89,65
DA:90,64
DA:91,64
DA:92,64
DA:102,7
DA:103,6
DA:104,5
DA:108,6
DA:109,5
DA:110,4
DA:121,14
DA:122,13
DA:123,12
DA:128,11
DA:136,11
DA:137,11
LF:37
LH:37
BRDA:50,1,0,30
BRDA:50,1,1,1
BRDA:51,2,0,29
BRDA:51,2,1,1
BRDA:82,3,0,68
BRDA:82,3,1,1
BRDA:83,4,0,67
BRDA:83,4,1,1
BRDA:86,5,0,67
BRDA:86,5,1,0
BRDA:87,6,0,66
BRDA:87,6,1,1
BRDA:88,7,0,65
BRDA:88,7,1,1
BRDA:89,8,0,64
BRDA:89,8,1,1
BRDA:102,9,0,6
BRDA:102,9,1,1
BRDA:103,10,0,5
BRDA:103,10,1,1
BRDA:108,11,0,5
BRDA:108,11,1,1
BRDA:109,12,0,4
BRDA:109,12,1,1
BRDA:121,13,0,13
BRDA:121,13,1,1
BRDA:122,14,0,12
BRDA:122,14,1,1
BRDA:123,15,0,11
BRDA:123,15,1,1
BRF:30
BRH:29
end_of_record
