TN:
SF:/Users/sergeyvagapov/Solidity/VCG-auction/contracts/AuctionStorage.sol
FN:16,getAmountOfAsset
FN:20,balanceOf
FN:23,deposit
FN:28,withdraw
FN:34,takeProfit
FN:42,_transferAssets
FN:48,_makeExchange
FN:57,
FNF:8
FNH:4
FNDA:3,getAmountOfAsset
FNDA:12,balanceOf
FNDA:6,deposit
FNDA:0,withdraw
FNDA:0,takeProfit
FNDA:0,_transferAssets
FNDA:1,_makeExchange
FNDA:0,
DA:17,3
DA:21,12
DA:24,6
DA:29,0
DA:30,0
DA:31,0
DA:35,0
DA:36,0
DA:37,0
DA:38,0
DA:39,0
DA:43,0
DA:44,0
DA:45,0
DA:49,1
DA:50,1
DA:51,3
DA:52,3
DA:53,3
DA:55,1
DA:58,0
DA:62,6
LF:22
LH:10
BRDA:31,1,0,0
BRDA:31,1,1,0
BRDA:36,2,0,0
BRDA:36,2,1,0
BRDA:39,3,0,0
BRDA:39,3,1,0
BRDA:43,4,0,0
BRDA:43,4,1,0
BRDA:58,5,0,0
BRDA:58,5,1,0
BRDA:62,6,0,6
BRDA:62,6,1,0
BRF:12
BRH:1
end_of_record
TN:
SF:/Users/sergeyvagapov/Solidity/VCG-auction/contracts/MockERC1155.sol
FN:7,constructor
FNF:1
FNH:1
FNDA:99,constructor
DA:8,99
LF:1
LH:1
BRF:0
BRH:0
end_of_record
TN:
SF:/Users/sergeyvagapov/Solidity/VCG-auction/contracts/VCG.sol
FN:51,initializeAuction
FN:67,getStartAuction
FN:71,getTokenToSale
FN:75,getTokenIdToSale
FN:79,getAmountToSale
FN:83,getAuctions
FN:87,isActive
FN:91,getBidHash
FN:95,createBid
FN:103,claim
FN:111,finishAuction
FNF:11
FNH:10
FNDA:8,initializeAuction
FNDA:1,getStartAuction
FNDA:2,getTokenToSale
FNDA:2,getTokenIdToSale
FNDA:1,getAmountToSale
FNDA:1,getAuctions
FNDA:8,isActive
FNDA:1,getBidHash
FNDA:6,createBid
FNDA:0,claim
FNDA:1,finishAuction
DA:52,8
DA:53,7
DA:54,6
DA:55,6
DA:56,6
DA:57,5
DA:58,5
DA:59,5
DA:60,5
DA:61,5
DA:62,5
DA:63,5
DA:64,5
DA:68,1
DA:72,2
DA:76,2
DA:80,1
DA:84,1
DA:88,8
DA:92,1
DA:96,6
DA:97,5
DA:98,5
DA:99,4
DA:100,4
DA:104,0
DA:105,0
DA:106,0
DA:112,1
DA:113,1
DA:114,1
DA:115,1
DA:116,1
DA:117,1
LF:34
LH:31
BRDA:52,1,0,7
BRDA:52,1,1,1
BRDA:53,2,0,6
BRDA:53,2,1,1
BRDA:96,3,0,5
BRDA:96,3,1,1
BRDA:97,4,0,5
BRDA:97,4,1,0
BRDA:98,5,0,4
BRDA:98,5,1,1
BRDA:104,6,0,0
BRDA:104,6,1,0
BRDA:105,7,0,0
BRDA:105,7,1,0
BRDA:112,8,0,1
BRDA:112,8,1,0
BRDA:113,9,0,1
BRDA:113,9,1,0
BRDA:114,10,0,1
BRDA:114,10,1,0
BRF:20
BRH:12
end_of_record
